{"C:\\Users\\kirze\\OneDrive\\Рабочий стол\\repos\\your-water-tracker готовая версия\\client\\jest.config.js": {"path":"C:\\Users\\kirze\\OneDrive\\Рабочий стол\\repos\\your-water-tracker готовая версия\\client\\jest.config.js","statementMap":{"0":{"start":{"line":1,"column":0},"end":{"line":27,"column":2}}},"fnMap":{},"branchMap":{},"s":{"0":0},"f":{},"b":{}}
,"C:\\Users\\kirze\\OneDrive\\Рабочий стол\\repos\\your-water-tracker готовая версия\\client\\main.js": {"path":"C:\\Users\\kirze\\OneDrive\\Рабочий стол\\repos\\your-water-tracker готовая версия\\client\\main.js","statementMap":{"0":{"start":{"line":1,"column":40},"end":{"line":1,"column":59}},"1":{"start":{"line":2,"column":13},"end":{"line":2,"column":28}},"2":{"start":{"line":8,"column":4},"end":{"line":19,"column":7}},"3":{"start":{"line":21,"column":4},"end":{"line":21,"column":45}},"4":{"start":{"line":23,"column":4},"end":{"line":25,"column":7}},"5":{"start":{"line":24,"column":8},"end":{"line":24,"column":27}},"6":{"start":{"line":28,"column":4},"end":{"line":30,"column":7}},"7":{"start":{"line":29,"column":8},"end":{"line":29,"column":48}},"8":{"start":{"line":29,"column":25},"end":{"line":29,"column":48}},"9":{"start":{"line":31,"column":4},"end":{"line":39,"column":7}},"10":{"start":{"line":32,"column":8},"end":{"line":38,"column":9}},"11":{"start":{"line":33,"column":12},"end":{"line":37,"column":13}},"12":{"start":{"line":34,"column":16},"end":{"line":34,"column":41}},"13":{"start":{"line":36,"column":16},"end":{"line":36,"column":39}},"14":{"start":{"line":40,"column":4},"end":{"line":42,"column":7}},"15":{"start":{"line":41,"column":8},"end":{"line":41,"column":45}},"16":{"start":{"line":41,"column":25},"end":{"line":41,"column":45}},"17":{"start":{"line":46,"column":4},"end":{"line":57,"column":7}},"18":{"start":{"line":59,"column":4},"end":{"line":59,"column":43}},"19":{"start":{"line":61,"column":4},"end":{"line":63,"column":7}},"20":{"start":{"line":62,"column":8},"end":{"line":62,"column":26}},"21":{"start":{"line":66,"column":4},"end":{"line":68,"column":7}},"22":{"start":{"line":67,"column":8},"end":{"line":67,"column":54}},"23":{"start":{"line":71,"column":4},"end":{"line":73,"column":7}},"24":{"start":{"line":72,"column":8},"end":{"line":72,"column":46}},"25":{"start":{"line":72,"column":24},"end":{"line":72,"column":46}},"26":{"start":{"line":74,"column":4},"end":{"line":82,"column":7}},"27":{"start":{"line":75,"column":8},"end":{"line":81,"column":9}},"28":{"start":{"line":76,"column":12},"end":{"line":80,"column":13}},"29":{"start":{"line":77,"column":16},"end":{"line":77,"column":40}},"30":{"start":{"line":79,"column":16},"end":{"line":79,"column":38}},"31":{"start":{"line":83,"column":4},"end":{"line":85,"column":7}},"32":{"start":{"line":84,"column":8},"end":{"line":84,"column":43}},"33":{"start":{"line":84,"column":24},"end":{"line":84,"column":43}},"34":{"start":{"line":88,"column":0},"end":{"line":96,"column":3}},"35":{"start":{"line":89,"column":4},"end":{"line":89,"column":24}},"36":{"start":{"line":91,"column":4},"end":{"line":95,"column":7}},"37":{"start":{"line":92,"column":8},"end":{"line":94,"column":9}},"38":{"start":{"line":93,"column":12},"end":{"line":93,"column":32}},"39":{"start":{"line":98,"column":0},"end":{"line":102,"column":3}},"40":{"start":{"line":99,"column":4},"end":{"line":101,"column":5}},"41":{"start":{"line":100,"column":8},"end":{"line":100,"column":19}},"42":{"start":{"line":105,"column":0},"end":{"line":111,"column":3}},"43":{"start":{"line":106,"column":4},"end":{"line":106,"column":41}},"44":{"start":{"line":107,"column":4},"end":{"line":109,"column":5}},"45":{"start":{"line":108,"column":8},"end":{"line":108,"column":28}},"46":{"start":{"line":110,"column":4},"end":{"line":110,"column":23}},"47":{"start":{"line":113,"column":0},"end":{"line":119,"column":3}},"48":{"start":{"line":114,"column":4},"end":{"line":114,"column":39}},"49":{"start":{"line":115,"column":4},"end":{"line":117,"column":5}},"50":{"start":{"line":116,"column":8},"end":{"line":116,"column":27}},"51":{"start":{"line":118,"column":4},"end":{"line":118,"column":24}},"52":{"start":{"line":122,"column":0},"end":{"line":127,"column":2}},"53":{"start":{"line":125,"column":26},"end":{"line":125,"column":37}},"54":{"start":{"line":126,"column":25},"end":{"line":126,"column":35}}},"fnMap":{"0":{"name":"createLoginWindow","decl":{"start":{"line":7,"column":9},"end":{"line":7,"column":26}},"loc":{"start":{"line":7,"column":29},"end":{"line":43,"column":1}},"line":7},"1":{"name":"(anonymous_1)","decl":{"start":{"line":23,"column":29},"end":{"line":23,"column":30}},"loc":{"start":{"line":23,"column":35},"end":{"line":25,"column":5}},"line":23},"2":{"name":"(anonymous_2)","decl":{"start":{"line":28,"column":34},"end":{"line":28,"column":35}},"loc":{"start":{"line":28,"column":40},"end":{"line":30,"column":5}},"line":28},"3":{"name":"(anonymous_3)","decl":{"start":{"line":31,"column":34},"end":{"line":31,"column":35}},"loc":{"start":{"line":31,"column":40},"end":{"line":39,"column":5}},"line":31},"4":{"name":"(anonymous_4)","decl":{"start":{"line":40,"column":31},"end":{"line":40,"column":32}},"loc":{"start":{"line":40,"column":37},"end":{"line":42,"column":5}},"line":40},"5":{"name":"createMainWindow","decl":{"start":{"line":45,"column":9},"end":{"line":45,"column":25}},"loc":{"start":{"line":45,"column":28},"end":{"line":86,"column":1}},"line":45},"6":{"name":"(anonymous_6)","decl":{"start":{"line":61,"column":28},"end":{"line":61,"column":29}},"loc":{"start":{"line":61,"column":34},"end":{"line":63,"column":5}},"line":61},"7":{"name":"(anonymous_7)","decl":{"start":{"line":66,"column":27},"end":{"line":66,"column":28}},"loc":{"start":{"line":66,"column":33},"end":{"line":68,"column":5}},"line":66},"8":{"name":"(anonymous_8)","decl":{"start":{"line":71,"column":34},"end":{"line":71,"column":35}},"loc":{"start":{"line":71,"column":40},"end":{"line":73,"column":5}},"line":71},"9":{"name":"(anonymous_9)","decl":{"start":{"line":74,"column":34},"end":{"line":74,"column":35}},"loc":{"start":{"line":74,"column":40},"end":{"line":82,"column":5}},"line":74},"10":{"name":"(anonymous_10)","decl":{"start":{"line":83,"column":31},"end":{"line":83,"column":32}},"loc":{"start":{"line":83,"column":37},"end":{"line":85,"column":5}},"line":83},"11":{"name":"(anonymous_11)","decl":{"start":{"line":88,"column":21},"end":{"line":88,"column":22}},"loc":{"start":{"line":88,"column":27},"end":{"line":96,"column":1}},"line":88},"12":{"name":"(anonymous_12)","decl":{"start":{"line":91,"column":23},"end":{"line":91,"column":24}},"loc":{"start":{"line":91,"column":29},"end":{"line":95,"column":5}},"line":91},"13":{"name":"(anonymous_13)","decl":{"start":{"line":98,"column":28},"end":{"line":98,"column":29}},"loc":{"start":{"line":98,"column":34},"end":{"line":102,"column":1}},"line":98},"14":{"name":"(anonymous_14)","decl":{"start":{"line":105,"column":27},"end":{"line":105,"column":28}},"loc":{"start":{"line":105,"column":33},"end":{"line":111,"column":1}},"line":105},"15":{"name":"(anonymous_15)","decl":{"start":{"line":113,"column":25},"end":{"line":113,"column":26}},"loc":{"start":{"line":113,"column":31},"end":{"line":119,"column":1}},"line":113},"16":{"name":"(anonymous_16)","decl":{"start":{"line":125,"column":20},"end":{"line":125,"column":21}},"loc":{"start":{"line":125,"column":26},"end":{"line":125,"column":37}},"line":125},"17":{"name":"(anonymous_17)","decl":{"start":{"line":126,"column":19},"end":{"line":126,"column":20}},"loc":{"start":{"line":126,"column":25},"end":{"line":126,"column":35}},"line":126}},"branchMap":{"0":{"loc":{"start":{"line":29,"column":8},"end":{"line":29,"column":48}},"type":"if","locations":[{"start":{"line":29,"column":8},"end":{"line":29,"column":48}},{"start":{},"end":{}}],"line":29},"1":{"loc":{"start":{"line":32,"column":8},"end":{"line":38,"column":9}},"type":"if","locations":[{"start":{"line":32,"column":8},"end":{"line":38,"column":9}},{"start":{},"end":{}}],"line":32},"2":{"loc":{"start":{"line":33,"column":12},"end":{"line":37,"column":13}},"type":"if","locations":[{"start":{"line":33,"column":12},"end":{"line":37,"column":13}},{"start":{"line":35,"column":19},"end":{"line":37,"column":13}}],"line":33},"3":{"loc":{"start":{"line":41,"column":8},"end":{"line":41,"column":45}},"type":"if","locations":[{"start":{"line":41,"column":8},"end":{"line":41,"column":45}},{"start":{},"end":{}}],"line":41},"4":{"loc":{"start":{"line":72,"column":8},"end":{"line":72,"column":46}},"type":"if","locations":[{"start":{"line":72,"column":8},"end":{"line":72,"column":46}},{"start":{},"end":{}}],"line":72},"5":{"loc":{"start":{"line":75,"column":8},"end":{"line":81,"column":9}},"type":"if","locations":[{"start":{"line":75,"column":8},"end":{"line":81,"column":9}},{"start":{},"end":{}}],"line":75},"6":{"loc":{"start":{"line":76,"column":12},"end":{"line":80,"column":13}},"type":"if","locations":[{"start":{"line":76,"column":12},"end":{"line":80,"column":13}},{"start":{"line":78,"column":19},"end":{"line":80,"column":13}}],"line":76},"7":{"loc":{"start":{"line":84,"column":8},"end":{"line":84,"column":43}},"type":"if","locations":[{"start":{"line":84,"column":8},"end":{"line":84,"column":43}},{"start":{},"end":{}}],"line":84},"8":{"loc":{"start":{"line":92,"column":8},"end":{"line":94,"column":9}},"type":"if","locations":[{"start":{"line":92,"column":8},"end":{"line":94,"column":9}},{"start":{},"end":{}}],"line":92},"9":{"loc":{"start":{"line":99,"column":4},"end":{"line":101,"column":5}},"type":"if","locations":[{"start":{"line":99,"column":4},"end":{"line":101,"column":5}},{"start":{},"end":{}}],"line":99},"10":{"loc":{"start":{"line":107,"column":4},"end":{"line":109,"column":5}},"type":"if","locations":[{"start":{"line":107,"column":4},"end":{"line":109,"column":5}},{"start":{},"end":{}}],"line":107},"11":{"loc":{"start":{"line":115,"column":4},"end":{"line":117,"column":5}},"type":"if","locations":[{"start":{"line":115,"column":4},"end":{"line":117,"column":5}},{"start":{},"end":{}}],"line":115}},"s":{"0":1,"1":1,"2":3,"3":3,"4":3,"5":0,"6":3,"7":0,"8":0,"9":3,"10":0,"11":0,"12":0,"13":0,"14":3,"15":0,"16":0,"17":5,"18":5,"19":5,"20":0,"21":5,"22":0,"23":5,"24":1,"25":1,"26":5,"27":1,"28":1,"29":0,"30":1,"31":5,"32":1,"33":1,"34":1,"35":1,"36":1,"37":0,"38":0,"39":1,"40":0,"41":0,"42":1,"43":0,"44":0,"45":0,"46":0,"47":1,"48":0,"49":0,"50":0,"51":0,"52":1,"53":1,"54":0},"f":{"0":3,"1":0,"2":0,"3":0,"4":0,"5":5,"6":0,"7":0,"8":1,"9":1,"10":1,"11":1,"12":0,"13":0,"14":0,"15":0,"16":1,"17":0},"b":{"0":[0,0],"1":[0,0],"2":[0,0],"3":[0,0],"4":[1,0],"5":[1,0],"6":[0,1],"7":[1,0],"8":[0,0],"9":[0,0],"10":[0,0],"11":[0,0]},"_coverageSchema":"1a1c01bbd47fc00a2c39e90264f33305004495a9","hash":"c6339a08bc291b284a09e02fdcf2ab1adf8a0c24"}
,"C:\\Users\\kirze\\OneDrive\\Рабочий стол\\repos\\your-water-tracker готовая версия\\client\\tailwind.config.js": {"path":"C:\\Users\\kirze\\OneDrive\\Рабочий стол\\repos\\your-water-tracker готовая версия\\client\\tailwind.config.js","statementMap":{"0":{"start":{"line":2,"column":0},"end":{"line":45,"column":1}}},"fnMap":{},"branchMap":{},"s":{"0":0},"f":{},"b":{}}
,"C:\\Users\\kirze\\OneDrive\\Рабочий стол\\repos\\your-water-tracker готовая версия\\client\\scripts\\auth.js": {"path":"C:\\Users\\kirze\\OneDrive\\Рабочий стол\\repos\\your-water-tracker готовая версия\\client\\scripts\\auth.js","statementMap":{"0":{"start":{"line":1,"column":24},"end":{"line":1,"column":43}},"1":{"start":{"line":4,"column":18},"end":{"line":4,"column":54}},"2":{"start":{"line":5,"column":21},"end":{"line":5,"column":60}},"3":{"start":{"line":6,"column":25},"end":{"line":6,"column":64}},"4":{"start":{"line":7,"column":22},"end":{"line":7,"column":58}},"5":{"start":{"line":10,"column":20},"end":{"line":10,"column":58}},"6":{"start":{"line":11,"column":20},"end":{"line":11,"column":58}},"7":{"start":{"line":12,"column":17},"end":{"line":12,"column":52}},"8":{"start":{"line":14,"column":0},"end":{"line":14,"column":34}},"9":{"start":{"line":17,"column":0},"end":{"line":21,"column":3}},"10":{"start":{"line":18,"column":4},"end":{"line":18,"column":23}},"11":{"start":{"line":19,"column":4},"end":{"line":19,"column":38}},"12":{"start":{"line":20,"column":4},"end":{"line":20,"column":44}},"13":{"start":{"line":23,"column":0},"end":{"line":27,"column":3}},"14":{"start":{"line":24,"column":4},"end":{"line":24,"column":23}},"15":{"start":{"line":25,"column":4},"end":{"line":25,"column":41}},"16":{"start":{"line":26,"column":4},"end":{"line":26,"column":41}},"17":{"start":{"line":30,"column":0},"end":{"line":81,"column":3}},"18":{"start":{"line":31,"column":4},"end":{"line":31,"column":23}},"19":{"start":{"line":32,"column":4},"end":{"line":32,"column":40}},"20":{"start":{"line":34,"column":18},"end":{"line":34,"column":61}},"21":{"start":{"line":35,"column":21},"end":{"line":35,"column":67}},"22":{"start":{"line":36,"column":25},"end":{"line":36,"column":73}},"23":{"start":{"line":38,"column":4},"end":{"line":41,"column":5}},"24":{"start":{"line":39,"column":8},"end":{"line":39,"column":48}},"25":{"start":{"line":40,"column":8},"end":{"line":40,"column":15}},"26":{"start":{"line":43,"column":4},"end":{"line":80,"column":5}},"27":{"start":{"line":45,"column":8},"end":{"line":45,"column":37}},"28":{"start":{"line":46,"column":8},"end":{"line":46,"column":71}},"29":{"start":{"line":48,"column":8},"end":{"line":48,"column":48}},"30":{"start":{"line":49,"column":25},"end":{"line":55,"column":10}},"31":{"start":{"line":57,"column":21},"end":{"line":57,"column":42}},"32":{"start":{"line":58,"column":8},"end":{"line":58,"column":45}},"33":{"start":{"line":60,"column":8},"end":{"line":72,"column":9}},"34":{"start":{"line":61,"column":12},"end":{"line":61,"column":73}},"35":{"start":{"line":62,"column":12},"end":{"line":62,"column":54}},"36":{"start":{"line":63,"column":12},"end":{"line":63,"column":68}},"37":{"start":{"line":64,"column":12},"end":{"line":64,"column":54}},"38":{"start":{"line":65,"column":12},"end":{"line":65,"column":45}},"39":{"start":{"line":67,"column":12},"end":{"line":67,"column":57}},"40":{"start":{"line":69,"column":12},"end":{"line":69,"column":64}},"41":{"start":{"line":71,"column":12},"end":{"line":71,"column":103}},"42":{"start":{"line":74,"column":8},"end":{"line":74,"column":45}},"43":{"start":{"line":75,"column":8},"end":{"line":75,"column":86}},"44":{"start":{"line":78,"column":8},"end":{"line":78,"column":38}},"45":{"start":{"line":79,"column":8},"end":{"line":79,"column":74}},"46":{"start":{"line":84,"column":0},"end":{"line":145,"column":3}},"47":{"start":{"line":85,"column":4},"end":{"line":85,"column":23}},"48":{"start":{"line":86,"column":4},"end":{"line":86,"column":43}},"49":{"start":{"line":88,"column":21},"end":{"line":88,"column":70}},"50":{"start":{"line":89,"column":18},"end":{"line":89,"column":64}},"51":{"start":{"line":90,"column":21},"end":{"line":90,"column":70}},"52":{"start":{"line":91,"column":19},"end":{"line":91,"column":66}},"53":{"start":{"line":92,"column":25},"end":{"line":92,"column":76}},"54":{"start":{"line":94,"column":4},"end":{"line":97,"column":5}},"55":{"start":{"line":95,"column":8},"end":{"line":95,"column":48}},"56":{"start":{"line":96,"column":8},"end":{"line":96,"column":15}},"57":{"start":{"line":99,"column":4},"end":{"line":102,"column":5}},"58":{"start":{"line":100,"column":8},"end":{"line":100,"column":70}},"59":{"start":{"line":101,"column":8},"end":{"line":101,"column":15}},"60":{"start":{"line":104,"column":4},"end":{"line":144,"column":5}},"61":{"start":{"line":106,"column":8},"end":{"line":106,"column":37}},"62":{"start":{"line":107,"column":8},"end":{"line":107,"column":71}},"63":{"start":{"line":109,"column":8},"end":{"line":109,"column":51}},"64":{"start":{"line":110,"column":25},"end":{"line":116,"column":10}},"65":{"start":{"line":118,"column":21},"end":{"line":118,"column":42}},"66":{"start":{"line":119,"column":8},"end":{"line":119,"column":48}},"67":{"start":{"line":121,"column":8},"end":{"line":136,"column":9}},"68":{"start":{"line":122,"column":12},"end":{"line":122,"column":80}},"69":{"start":{"line":123,"column":12},"end":{"line":123,"column":54}},"70":{"start":{"line":124,"column":12},"end":{"line":124,"column":68}},"71":{"start":{"line":125,"column":12},"end":{"line":125,"column":54}},"72":{"start":{"line":126,"column":12},"end":{"line":126,"column":45}},"73":{"start":{"line":128,"column":12},"end":{"line":128,"column":64}},"74":{"start":{"line":130,"column":12},"end":{"line":130,"column":67}},"75":{"start":{"line":131,"column":12},"end":{"line":131,"column":64}},"76":{"start":{"line":133,"column":12},"end":{"line":135,"column":30}},"77":{"start":{"line":138,"column":8},"end":{"line":138,"column":52}},"78":{"start":{"line":139,"column":8},"end":{"line":139,"column":86}},"79":{"start":{"line":142,"column":8},"end":{"line":142,"column":38}},"80":{"start":{"line":143,"column":8},"end":{"line":143,"column":74}},"81":{"start":{"line":147,"column":0},"end":{"line":147,"column":98}},"82":{"start":{"line":147,"column":17},"end":{"line":147,"column":98}},"83":{"start":{"line":147,"column":61},"end":{"line":147,"column":96}},"84":{"start":{"line":148,"column":0},"end":{"line":148,"column":98}},"85":{"start":{"line":148,"column":17},"end":{"line":148,"column":98}},"86":{"start":{"line":148,"column":61},"end":{"line":148,"column":96}},"87":{"start":{"line":149,"column":0},"end":{"line":149,"column":89}},"88":{"start":{"line":149,"column":14},"end":{"line":149,"column":89}},"89":{"start":{"line":149,"column":55},"end":{"line":149,"column":87}}},"fnMap":{"0":{"name":"(anonymous_0)","decl":{"start":{"line":17,"column":43},"end":{"line":17,"column":44}},"loc":{"start":{"line":17,"column":50},"end":{"line":21,"column":1}},"line":17},"1":{"name":"(anonymous_1)","decl":{"start":{"line":23,"column":40},"end":{"line":23,"column":41}},"loc":{"start":{"line":23,"column":47},"end":{"line":27,"column":1}},"line":23},"2":{"name":"(anonymous_2)","decl":{"start":{"line":30,"column":37},"end":{"line":30,"column":38}},"loc":{"start":{"line":30,"column":50},"end":{"line":81,"column":1}},"line":30},"3":{"name":"(anonymous_3)","decl":{"start":{"line":84,"column":40},"end":{"line":84,"column":41}},"loc":{"start":{"line":84,"column":53},"end":{"line":145,"column":1}},"line":84},"4":{"name":"(anonymous_4)","decl":{"start":{"line":147,"column":55},"end":{"line":147,"column":56}},"loc":{"start":{"line":147,"column":61},"end":{"line":147,"column":96}},"line":147},"5":{"name":"(anonymous_5)","decl":{"start":{"line":148,"column":55},"end":{"line":148,"column":56}},"loc":{"start":{"line":148,"column":61},"end":{"line":148,"column":96}},"line":148},"6":{"name":"(anonymous_6)","decl":{"start":{"line":149,"column":49},"end":{"line":149,"column":50}},"loc":{"start":{"line":149,"column":55},"end":{"line":149,"column":87}},"line":149}},"branchMap":{"0":{"loc":{"start":{"line":38,"column":4},"end":{"line":41,"column":5}},"type":"if","locations":[{"start":{"line":38,"column":4},"end":{"line":41,"column":5}},{"start":{},"end":{}}],"line":38},"1":{"loc":{"start":{"line":38,"column":8},"end":{"line":38,"column":27}},"type":"binary-expr","locations":[{"start":{"line":38,"column":8},"end":{"line":38,"column":14}},{"start":{"line":38,"column":18},"end":{"line":38,"column":27}}],"line":38},"2":{"loc":{"start":{"line":60,"column":8},"end":{"line":72,"column":9}},"type":"if","locations":[{"start":{"line":60,"column":8},"end":{"line":72,"column":9}},{"start":{"line":66,"column":15},"end":{"line":72,"column":9}}],"line":60},"3":{"loc":{"start":{"line":71,"column":18},"end":{"line":71,"column":101}},"type":"cond-expr","locations":[{"start":{"line":71,"column":59},"end":{"line":71,"column":86}},{"start":{"line":71,"column":89},"end":{"line":71,"column":101}}],"line":71},"4":{"loc":{"start":{"line":94,"column":4},"end":{"line":97,"column":5}},"type":"if","locations":[{"start":{"line":94,"column":4},"end":{"line":97,"column":5}},{"start":{},"end":{}}],"line":94},"5":{"loc":{"start":{"line":94,"column":8},"end":{"line":94,"column":51}},"type":"binary-expr","locations":[{"start":{"line":94,"column":8},"end":{"line":94,"column":17}},{"start":{"line":94,"column":21},"end":{"line":94,"column":27}},{"start":{"line":94,"column":31},"end":{"line":94,"column":40}},{"start":{"line":94,"column":44},"end":{"line":94,"column":51}}],"line":94},"6":{"loc":{"start":{"line":99,"column":4},"end":{"line":102,"column":5}},"type":"if","locations":[{"start":{"line":99,"column":4},"end":{"line":102,"column":5}},{"start":{},"end":{}}],"line":99},"7":{"loc":{"start":{"line":99,"column":8},"end":{"line":99,"column":35}},"type":"binary-expr","locations":[{"start":{"line":99,"column":8},"end":{"line":99,"column":19}},{"start":{"line":99,"column":23},"end":{"line":99,"column":35}}],"line":99},"8":{"loc":{"start":{"line":121,"column":8},"end":{"line":136,"column":9}},"type":"if","locations":[{"start":{"line":121,"column":8},"end":{"line":136,"column":9}},{"start":{"line":127,"column":15},"end":{"line":136,"column":9}}],"line":121},"9":{"loc":{"start":{"line":133,"column":18},"end":{"line":135,"column":28}},"type":"cond-expr","locations":[{"start":{"line":134,"column":16},"end":{"line":134,"column":59}},{"start":{"line":135,"column":16},"end":{"line":135,"column":28}}],"line":133},"10":{"loc":{"start":{"line":147,"column":0},"end":{"line":147,"column":98}},"type":"if","locations":[{"start":{"line":147,"column":0},"end":{"line":147,"column":98}},{"start":{},"end":{}}],"line":147},"11":{"loc":{"start":{"line":148,"column":0},"end":{"line":148,"column":98}},"type":"if","locations":[{"start":{"line":148,"column":0},"end":{"line":148,"column":98}},{"start":{},"end":{}}],"line":148},"12":{"loc":{"start":{"line":149,"column":0},"end":{"line":149,"column":89}},"type":"if","locations":[{"start":{"line":149,"column":0},"end":{"line":149,"column":89}},{"start":{},"end":{}}],"line":149}},"s":{"0":1,"1":1,"2":1,"3":1,"4":1,"5":1,"6":1,"7":1,"8":1,"9":1,"10":2,"11":2,"12":2,"13":1,"14":1,"15":1,"16":1,"17":1,"18":3,"19":3,"20":3,"21":3,"22":3,"23":3,"24":1,"25":1,"26":2,"27":2,"28":2,"29":2,"30":2,"31":2,"32":2,"33":2,"34":1,"35":1,"36":1,"37":1,"38":1,"39":1,"40":1,"41":1,"42":0,"43":0,"44":2,"45":2,"46":1,"47":4,"48":4,"49":4,"50":4,"51":4,"52":4,"53":4,"54":4,"55":1,"56":1,"57":3,"58":1,"59":1,"60":2,"61":2,"62":2,"63":2,"64":2,"65":2,"66":2,"67":2,"68":1,"69":1,"70":1,"71":1,"72":1,"73":1,"74":1,"75":1,"76":1,"77":0,"78":0,"79":2,"80":2,"81":1,"82":1,"83":1,"84":1,"85":1,"86":1,"87":1,"88":1,"89":1},"f":{"0":2,"1":1,"2":3,"3":4,"4":1,"5":1,"6":1},"b":{"0":[1,2],"1":[3,2],"2":[1,1],"3":[1,0],"4":[1,3],"5":[4,3,3,3],"6":[1,2],"7":[3,2],"8":[1,1],"9":[1,0],"10":[1,0],"11":[1,0],"12":[1,0]},"_coverageSchema":"1a1c01bbd47fc00a2c39e90264f33305004495a9","hash":"942566d556009eff9ffc957ba25c6a14a8868585"}
}
