TN:
SF:jest.config.js
FNF:0
FNH:0
DA:1,0
LF:1
LH:0
BRF:0
BRH:0
end_of_record
TN:
SF:main.js
FN:7,createLoginWindow
FN:23,(anonymous_1)
FN:28,(anonymous_2)
FN:31,(anonymous_3)
FN:40,(anonymous_4)
FN:45,createMainWindow
FN:61,(anonymous_6)
FN:66,(anonymous_7)
FN:71,(anonymous_8)
FN:74,(anonymous_9)
FN:83,(anonymous_10)
FN:88,(anonymous_11)
FN:91,(anonymous_12)
FN:98,(anonymous_13)
FN:105,(anonymous_14)
FN:113,(anonymous_15)
FN:125,(anonymous_16)
FN:126,(anonymous_17)
FNF:18
FNH:7
FNDA:3,createLoginWindow
FNDA:0,(anonymous_1)
FNDA:0,(anonymous_2)
FNDA:0,(anonymous_3)
FNDA:0,(anonymous_4)
FNDA:5,createMainWindow
FNDA:0,(anonymous_6)
FNDA:0,(anonymous_7)
FNDA:1,(anonymous_8)
FNDA:1,(anonymous_9)
FNDA:1,(anonymous_10)
FNDA:1,(anonymous_11)
FNDA:0,(anonymous_12)
FNDA:0,(anonymous_13)
FNDA:0,(anonymous_14)
FNDA:0,(anonymous_15)
FNDA:1,(anonymous_16)
FNDA:0,(anonymous_17)
DA:1,1
DA:2,1
DA:8,3
DA:21,3
DA:23,3
DA:24,0
DA:28,3
DA:29,0
DA:31,3
DA:32,0
DA:33,0
DA:34,0
DA:36,0
DA:40,3
DA:41,0
DA:46,5
DA:59,5
DA:61,5
DA:62,0
DA:66,5
DA:67,0
DA:71,5
DA:72,1
DA:74,5
DA:75,1
DA:76,1
DA:77,0
DA:79,1
DA:83,5
DA:84,1
DA:88,1
DA:89,1
DA:91,1
DA:92,0
DA:93,0
DA:98,1
DA:99,0
DA:100,0
DA:105,1
DA:106,0
DA:107,0
DA:108,0
DA:110,0
DA:113,1
DA:114,0
DA:115,0
DA:116,0
DA:118,0
DA:122,1
DA:125,1
DA:126,0
LF:51
LH:28
BRDA:29,0,0,0
BRDA:29,0,1,0
BRDA:32,1,0,0
BRDA:32,1,1,0
BRDA:33,2,0,0
BRDA:33,2,1,0
BRDA:41,3,0,0
BRDA:41,3,1,0
BRDA:72,4,0,1
BRDA:72,4,1,0
BRDA:75,5,0,1
BRDA:75,5,1,0
BRDA:76,6,0,0
BRDA:76,6,1,1
BRDA:84,7,0,1
BRDA:84,7,1,0
BRDA:92,8,0,0
BRDA:92,8,1,0
BRDA:99,9,0,0
BRDA:99,9,1,0
BRDA:107,10,0,0
BRDA:107,10,1,0
BRDA:115,11,0,0
BRDA:115,11,1,0
BRF:24
BRH:4
end_of_record
TN:
SF:tailwind.config.js
FNF:0
FNH:0
DA:2,0
LF:1
LH:0
BRF:0
BRH:0
end_of_record
TN:
SF:scripts\auth.js
FN:17,(anonymous_0)
FN:23,(anonymous_1)
FN:30,(anonymous_2)
FN:84,(anonymous_3)
FN:147,(anonymous_4)
FN:148,(anonymous_5)
FN:149,(anonymous_6)
FNF:7
FNH:7
FNDA:2,(anonymous_0)
FNDA:1,(anonymous_1)
FNDA:3,(anonymous_2)
FNDA:4,(anonymous_3)
FNDA:1,(anonymous_4)
FNDA:1,(anonymous_5)
FNDA:1,(anonymous_6)
DA:1,1
DA:4,1
DA:5,1
DA:6,1
DA:7,1
DA:10,1
DA:11,1
DA:12,1
DA:14,1
DA:17,1
DA:18,2
DA:19,2
DA:20,2
DA:23,1
DA:24,1
DA:25,1
DA:26,1
DA:30,1
DA:31,3
DA:32,3
DA:34,3
DA:35,3
DA:36,3
DA:38,3
DA:39,1
DA:40,1
DA:43,2
DA:45,2
DA:46,2
DA:48,2
DA:49,2
DA:57,2
DA:58,2
DA:60,2
DA:61,1
DA:62,1
DA:63,1
DA:64,1
DA:65,1
DA:67,1
DA:69,1
DA:71,1
DA:74,0
DA:75,0
DA:78,2
DA:79,2
DA:84,1
DA:85,4
DA:86,4
DA:88,4
DA:89,4
DA:90,4
DA:91,4
DA:92,4
DA:94,4
DA:95,1
DA:96,1
DA:99,3
DA:100,1
DA:101,1
DA:104,2
DA:106,2
DA:107,2
DA:109,2
DA:110,2
DA:118,2
DA:119,2
DA:121,2
DA:122,1
DA:123,1
DA:124,1
DA:125,1
DA:126,1
DA:128,1
DA:130,1
DA:131,1
DA:133,1
DA:138,0
DA:139,0
DA:142,2
DA:143,2
DA:147,1
DA:148,1
DA:149,1
LF:84
LH:80
BRDA:38,0,0,1
BRDA:38,0,1,2
BRDA:38,1,0,3
BRDA:38,1,1,2
BRDA:60,2,0,1
BRDA:60,2,1,1
BRDA:71,3,0,1
BRDA:71,3,1,0
BRDA:94,4,0,1
BRDA:94,4,1,3
BRDA:94,5,0,4
BRDA:94,5,1,3
BRDA:94,5,2,3
BRDA:94,5,3,3
BRDA:99,6,0,1
BRDA:99,6,1,2
BRDA:99,7,0,3
BRDA:99,7,1,2
BRDA:121,8,0,1
BRDA:121,8,1,1
BRDA:133,9,0,1
BRDA:133,9,1,0
BRDA:147,10,0,1
BRDA:147,10,1,0
BRDA:148,11,0,1
BRDA:148,11,1,0
BRDA:149,12,0,1
BRDA:149,12,1,0
BRF:28
BRH:23
end_of_record
